<?xml version="1.0" encoding="UTF-8"?>
<!-- Generated by org.testng.reporters.JUnitReportReporter -->
<testsuite hostname="DESKTOP-7KBB9M5" failures="0" tests="1" name="NavigationTest" time="4.188" errors="0" timestamp="20 Apr 2022 15:52:56 GMT" skipped="0">
  <testcase classname="NavigationTest" name="navigateToUrl" time="4.188"/>
</testsuite> <!-- NavigationTest -->
