<?xml version="1.0" encoding="UTF-8"?>
<!-- Generated by org.testng.reporters.JUnitReportReporter -->
<testsuite hostname="DESKTOP-7KBB9M5" failures="0" tests="1" name="NavigationTest" time="4.707" errors="0" timestamp="22 Apr 2022 15:39:34 GMT" skipped="0">
  <testcase classname="NavigationTest" name="navigateToUrl" time="4.707"/>
</testsuite> <!-- NavigationTest -->
